# JRE version: Java(TM) SE Runtime Environment (8.0_202-b08) (build 1.8.0_202-b08)
# Java VM: Java HotSpot(TM) 64-Bit Server VM (25.202-b08 mixed mode windows-amd64 compressed oops)
Heap:
 PSYoungGen      total 50688K, used 42342K [0x0000000787b80000, 0x000000078de80000, 0x00000007c0000000)
  eden space 43520K, 97% used [0x0000000787b80000,0x000000078a4d9a80,0x000000078a600000)
  from space 7168K, 0% used [0x000000078a600000,0x000000078a600000,0x000000078ad00000)
  to   space 7168K, 0% used [0x000000078d780000,0x000000078d780000,0x000000078de80000)
 ParOldGen       total 73216K, used 8460K [0x0000000717200000, 0x000000071b980000, 0x0000000787b80000)
  object space 73216K, 11% used [0x0000000717200000,0x0000000717a433a0,0x000000071b980000)
 Metaspace       used 23864K, capacity 25112K, committed 25216K, reserved 1071104K
  class space    used 3344K, capacity 3628K, committed 3712K, reserved 1048576K
GC Heap History (8 events):
Event: 1.178 GC heap before
{Heap before GC invocations=1 (full 0):
 PSYoungGen      total 50688K, used 43520K [0x0000000787b80000, 0x000000078b400000, 0x00000007c0000000)
  eden space 43520K, 100% used [0x0000000787b80000,0x000000078a600000,0x000000078a600000)
  from space 7168K, 0% used [0x000000078ad00000,0x000000078ad00000,0x000000078b400000)
  to   space 7168K, 0% used [0x000000078a600000,0x000000078a600000,0x000000078ad00000)
 ParOldGen       total 116224K, used 0K [0x0000000717200000, 0x000000071e380000, 0x0000000787b80000)
  object space 116224K, 0% used [0x0000000717200000,0x0000000717200000,0x000000071e380000)
 Metaspace       used 12928K, capacity 13468K, committed 13568K, reserved 1060864K
  class space    used 1642K, capacity 1764K, committed 1792K, reserved 1048576K
Event: 1.185 GC heap after
Heap after GC invocations=1 (full 0):
 PSYoungGen      total 50688K, used 6674K [0x0000000787b80000, 0x000000078b400000, 0x00000007c0000000)
  eden space 43520K, 0% used [0x0000000787b80000,0x0000000787b80000,0x000000078a600000)
  from space 7168K, 93% used [0x000000078a600000,0x000000078ac84858,0x000000078ad00000)
  to   space 7168K, 0% used [0x000000078ad00000,0x000000078ad00000,0x000000078b400000)
 ParOldGen       total 116224K, used 16K [0x0000000717200000, 0x000000071e380000, 0x0000000787b80000)
  object space 116224K, 0% used [0x0000000717200000,0x0000000717204000,0x000000071e380000)
 Metaspace       used 12928K, capacity 13468K, committed 13568K, reserved 1060864K
  class space    used 1642K, capacity 1764K, committed 1792K, reserved 1048576K
}
Event: 1.423 GC heap before
{Heap before GC invocations=2 (full 0):
 PSYoungGen      total 50688K, used 50194K [0x0000000787b80000, 0x000000078b400000, 0x00000007c0000000)
  eden space 43520K, 100% used [0x0000000787b80000,0x000000078a600000,0x000000078a600000)
  from space 7168K, 93% used [0x000000078a600000,0x000000078ac84858,0x000000078ad00000)
  to   space 7168K, 0% used [0x000000078ad00000,0x000000078ad00000,0x000000078b400000)
 ParOldGen       total 116224K, used 16K [0x0000000717200000, 0x000000071e380000, 0x0000000787b80000)
  object space 116224K, 0% used [0x0000000717200000,0x0000000717204000,0x000000071e380000)
 Metaspace       used 17713K, capacity 18570K, committed 18816K, reserved 1064960K
  class space    used 2365K, capacity 2563K, committed 2688K, reserved 1048576K
Event: 1.432 GC heap after
Heap after GC invocations=2 (full 0):
 PSYoungGen      total 50688K, used 7140K [0x0000000787b80000, 0x000000078de80000, 0x00000007c0000000)
  eden space 43520K, 0% used [0x0000000787b80000,0x0000000787b80000,0x000000078a600000)
  from space 7168K, 99% used [0x000000078ad00000,0x000000078b3f9160,0x000000078b400000)
  to   space 7168K, 0% used [0x000000078a600000,0x000000078a600000,0x000000078ad00000)
 ParOldGen       total 116224K, used 1166K [0x0000000717200000, 0x000000071e380000, 0x0000000787b80000)
  object space 116224K, 1% used [0x0000000717200000,0x0000000717323a60,0x000000071e380000)
 Metaspace       used 17713K, capacity 18570K, committed 18816K, reserved 1064960K
  class space    used 2365K, capacity 2563K, committed 2688K, reserved 1048576K
}
Event: 1.720 GC heap before
{Heap before GC invocations=3 (full 0):
 PSYoungGen      total 50688K, used 47785K [0x0000000787b80000, 0x000000078de80000, 0x00000007c0000000)
  eden space 43520K, 93% used [0x0000000787b80000,0x000000078a331578,0x000000078a600000)
  from space 7168K, 99% used [0x000000078ad00000,0x000000078b3f9160,0x000000078b400000)
  to   space 7168K, 0% used [0x000000078a600000,0x000000078a600000,0x000000078ad00000)
 ParOldGen       total 116224K, used 1166K [0x0000000717200000, 0x000000071e380000, 0x0000000787b80000)
  object space 116224K, 1% used [0x0000000717200000,0x0000000717323a60,0x000000071e380000)
 Metaspace       used 20158K, capacity 21176K, committed 21248K, reserved 1067008K
  class space    used 2792K, capacity 3016K, committed 3072K, reserved 1048576K
Event: 1.727 GC heap after
Heap after GC invocations=3 (full 0):
 PSYoungGen      total 50688K, used 7164K [0x0000000787b80000, 0x000000078de80000, 0x00000007c0000000)
  eden space 43520K, 0% used [0x0000000787b80000,0x0000000787b80000,0x000000078a600000)
  from space 7168K, 99% used [0x000000078a600000,0x000000078acff240,0x000000078ad00000)
  to   space 7168K, 0% used [0x000000078d780000,0x000000078d780000,0x000000078de80000)
 ParOldGen       total 116224K, used 2708K [0x0000000717200000, 0x000000071e380000, 0x0000000787b80000)
  object space 116224K, 2% used [0x0000000717200000,0x00000007174a50b8,0x000000071e380000)
 Metaspace       used 20158K, capacity 21176K, committed 21248K, reserved 1067008K
  class space    used 2792K, capacity 3016K, committed 3072K, reserved 1048576K
}
Event: 1.727 GC heap before
{Heap before GC invocations=4 (full 1):
 PSYoungGen      total 50688K, used 7164K [0x0000000787b80000, 0x000000078de80000, 0x00000007c0000000)
  eden space 43520K, 0% used [0x0000000787b80000,0x0000000787b80000,0x000000078a600000)
  from space 7168K, 99% used [0x000000078a600000,0x000000078acff240,0x000000078ad00000)
  to   space 7168K, 0% used [0x000000078d780000,0x000000078d780000,0x000000078de80000)
 ParOldGen       total 116224K, used 2708K [0x0000000717200000, 0x000000071e380000, 0x0000000787b80000)
  object space 116224K, 2% used [0x0000000717200000,0x00000007174a50b8,0x000000071e380000)
 Metaspace       used 20158K, capacity 21176K, committed 21248K, reserved 1067008K
  class space    used 2792K, capacity 3016K, committed 3072K, reserved 1048576K
Event: 1.754 GC heap after
Heap after GC invocations=4 (full 1):
 PSYoungGen      total 50688K, used 0K [0x0000000787b80000, 0x000000078de80000, 0x00000007c0000000)
  eden space 43520K, 0% used [0x0000000787b80000,0x0000000787b80000,0x000000078a600000)
  from space 7168K, 0% used [0x000000078a600000,0x000000078a600000,0x000000078ad00000)
  to   space 7168K, 0% used [0x000000078d780000,0x000000078d780000,0x000000078de80000)
 ParOldGen       total 73216K, used 8460K [0x0000000717200000, 0x000000071b980000, 0x0000000787b80000)
  object space 73216K, 11% used [0x0000000717200000,0x0000000717a433a0,0x000000071b980000)
 Metaspace       used 20158K, capacity 21176K, committed 21248K, reserved 1067008K
  class space    used 2792K, capacity 3016K, committed 3072K, reserved 1048576K
}

