# JRE version: Java(TM) SE Runtime Environment (8.0_202-b08) (build 1.8.0_202-b08)
# Java VM: Java HotSpot(TM) 64-Bit Server VM (25.202-b08 mixed mode windows-amd64 compressed oops)
Heap:
 PSYoungGen      total 50688K, used 43279K [0x0000000787b80000, 0x000000078de80000, 0x00000007c0000000)
  eden space 43520K, 99% used [0x0000000787b80000,0x000000078a5c3d20,0x000000078a600000)
  from space 7168K, 0% used [0x000000078a600000,0x000000078a600000,0x000000078ad00000)
  to   space 7168K, 0% used [0x000000078d780000,0x000000078d780000,0x000000078de80000)
 ParOldGen       total 68096K, used 8289K [0x0000000717200000, 0x000000071b480000, 0x0000000787b80000)
  object space 68096K, 12% used [0x0000000717200000,0x0000000717a18568,0x000000071b480000)
 Metaspace       used 23987K, capacity 25270K, committed 25472K, reserved 1071104K
  class space    used 3357K, capacity 3634K, committed 3712K, reserved 1048576K
GC Heap History (8 events):
Event: 1.715 GC heap before
{Heap before GC invocations=1 (full 0):
 PSYoungGen      total 50688K, used 43520K [0x0000000787b80000, 0x000000078b400000, 0x00000007c0000000)
  eden space 43520K, 100% used [0x0000000787b80000,0x000000078a600000,0x000000078a600000)
  from space 7168K, 0% used [0x000000078ad00000,0x000000078ad00000,0x000000078b400000)
  to   space 7168K, 0% used [0x000000078a600000,0x000000078a600000,0x000000078ad00000)
 ParOldGen       total 116224K, used 0K [0x0000000717200000, 0x000000071e380000, 0x0000000787b80000)
  object space 116224K, 0% used [0x0000000717200000,0x0000000717200000,0x000000071e380000)
 Metaspace       used 12913K, capacity 13456K, committed 13568K, reserved 1060864K
  class space    used 1648K, capacity 1774K, committed 1792K, reserved 1048576K
Event: 1.726 GC heap after
Heap after GC invocations=1 (full 0):
 PSYoungGen      total 50688K, used 6706K [0x0000000787b80000, 0x000000078b400000, 0x00000007c0000000)
  eden space 43520K, 0% used [0x0000000787b80000,0x0000000787b80000,0x000000078a600000)
  from space 7168K, 93% used [0x000000078a600000,0x000000078ac8c858,0x000000078ad00000)
  to   space 7168K, 0% used [0x000000078ad00000,0x000000078ad00000,0x000000078b400000)
 ParOldGen       total 116224K, used 16K [0x0000000717200000, 0x000000071e380000, 0x0000000787b80000)
  object space 116224K, 0% used [0x0000000717200000,0x0000000717204000,0x000000071e380000)
 Metaspace       used 12913K, capacity 13456K, committed 13568K, reserved 1060864K
  class space    used 1648K, capacity 1774K, committed 1792K, reserved 1048576K
}
Event: 2.053 GC heap before
{Heap before GC invocations=2 (full 0):
 PSYoungGen      total 50688K, used 50226K [0x0000000787b80000, 0x000000078b400000, 0x00000007c0000000)
  eden space 43520K, 100% used [0x0000000787b80000,0x000000078a600000,0x000000078a600000)
  from space 7168K, 93% used [0x000000078a600000,0x000000078ac8c858,0x000000078ad00000)
  to   space 7168K, 0% used [0x000000078ad00000,0x000000078ad00000,0x000000078b400000)
 ParOldGen       total 116224K, used 16K [0x0000000717200000, 0x000000071e380000, 0x0000000787b80000)
  object space 116224K, 0% used [0x0000000717200000,0x0000000717204000,0x000000071e380000)
 Metaspace       used 17326K, capacity 18160K, committed 18432K, reserved 1064960K
  class space    used 2333K, capacity 2510K, committed 2560K, reserved 1048576K
Event: 2.068 GC heap after
Heap after GC invocations=2 (full 0):
 PSYoungGen      total 50688K, used 7165K [0x0000000787b80000, 0x000000078de80000, 0x00000007c0000000)
  eden space 43520K, 0% used [0x0000000787b80000,0x0000000787b80000,0x000000078a600000)
  from space 7168K, 99% used [0x000000078ad00000,0x000000078b3ff4d0,0x000000078b400000)
  to   space 7168K, 0% used [0x000000078a600000,0x000000078a600000,0x000000078ad00000)
 ParOldGen       total 116224K, used 1076K [0x0000000717200000, 0x000000071e380000, 0x0000000787b80000)
  object space 116224K, 0% used [0x0000000717200000,0x000000071730d1d8,0x000000071e380000)
 Metaspace       used 17326K, capacity 18160K, committed 18432K, reserved 1064960K
  class space    used 2333K, capacity 2510K, committed 2560K, reserved 1048576K
}
Event: 2.595 GC heap before
{Heap before GC invocations=3 (full 0):
 PSYoungGen      total 50688K, used 47955K [0x0000000787b80000, 0x000000078de80000, 0x00000007c0000000)
  eden space 43520K, 93% used [0x0000000787b80000,0x000000078a3559a8,0x000000078a600000)
  from space 7168K, 99% used [0x000000078ad00000,0x000000078b3ff4d0,0x000000078b400000)
  to   space 7168K, 0% used [0x000000078a600000,0x000000078a600000,0x000000078ad00000)
 ParOldGen       total 116224K, used 1076K [0x0000000717200000, 0x000000071e380000, 0x0000000787b80000)
  object space 116224K, 0% used [0x0000000717200000,0x000000071730d1d8,0x000000071e380000)
 Metaspace       used 20156K, capacity 21180K, committed 21248K, reserved 1067008K
  class space    used 2790K, capacity 3016K, committed 3072K, reserved 1048576K
Event: 2.605 GC heap after
Heap after GC invocations=3 (full 0):
 PSYoungGen      total 50688K, used 7136K [0x0000000787b80000, 0x000000078de80000, 0x00000007c0000000)
  eden space 43520K, 0% used [0x0000000787b80000,0x0000000787b80000,0x000000078a600000)
  from space 7168K, 99% used [0x000000078a600000,0x000000078acf82f8,0x000000078ad00000)
  to   space 7168K, 0% used [0x000000078d780000,0x000000078d780000,0x000000078de80000)
 ParOldGen       total 116224K, used 2419K [0x0000000717200000, 0x000000071e380000, 0x0000000787b80000)
  object space 116224K, 2% used [0x0000000717200000,0x000000071745cf48,0x000000071e380000)
 Metaspace       used 20156K, capacity 21180K, committed 21248K, reserved 1067008K
  class space    used 2790K, capacity 3016K, committed 3072K, reserved 1048576K
}
Event: 2.605 GC heap before
{Heap before GC invocations=4 (full 1):
 PSYoungGen      total 50688K, used 7136K [0x0000000787b80000, 0x000000078de80000, 0x00000007c0000000)
  eden space 43520K, 0% used [0x0000000787b80000,0x0000000787b80000,0x000000078a600000)
  from space 7168K, 99% used [0x000000078a600000,0x000000078acf82f8,0x000000078ad00000)
  to   space 7168K, 0% used [0x000000078d780000,0x000000078d780000,0x000000078de80000)
 ParOldGen       total 116224K, used 2419K [0x0000000717200000, 0x000000071e380000, 0x0000000787b80000)
  object space 116224K, 2% used [0x0000000717200000,0x000000071745cf48,0x000000071e380000)
 Metaspace       used 20156K, capacity 21180K, committed 21248K, reserved 1067008K
  class space    used 2790K, capacity 3016K, committed 3072K, reserved 1048576K
Event: 2.632 GC heap after
Heap after GC invocations=4 (full 1):
 PSYoungGen      total 50688K, used 0K [0x0000000787b80000, 0x000000078de80000, 0x00000007c0000000)
  eden space 43520K, 0% used [0x0000000787b80000,0x0000000787b80000,0x000000078a600000)
  from space 7168K, 0% used [0x000000078a600000,0x000000078a600000,0x000000078ad00000)
  to   space 7168K, 0% used [0x000000078d780000,0x000000078d780000,0x000000078de80000)
 ParOldGen       total 68096K, used 8289K [0x0000000717200000, 0x000000071b480000, 0x0000000787b80000)
  object space 68096K, 12% used [0x0000000717200000,0x0000000717a18568,0x000000071b480000)
 Metaspace       used 20156K, capacity 21180K, committed 21248K, reserved 1067008K
  class space    used 2790K, capacity 3016K, committed 3072K, reserved 1048576K
}

